Submitting n_train sweep for configs/generated_grid_maskrandom_1000/cov_toeplitz_maskrandom_rho0p2_lambda0p0001_beta1_d50_T5_lr0p001_iter1000.yaml
sbatch: [ESTIMATION] The estimated cost of this job is CHF 0.00
sbatch: ╭──────────────────────────────┬─────────────┬─────────────┬─────────────╮
sbatch: │ [in CHF]                     │ Capping     │ Consumed    │ Queued ¹⁾ ²⁾│
sbatch: ├──────────────────────────────┼─────────────┼─────────────┼─────────────┤
sbatch: │ username : anastass          │ 0           │ 0.0         │ 0.0         │
sbatch: ├──────────────────────────────┼─────────────┼─────────────┼─────────────┤
sbatch: │ account : master             │ 10,000      │ 0.0         │ 331.75      │
sbatch: ╰──────────────────────────────┴─────────────┴─────────────┴─────────────╯
sbatch: ¹⁾ Estimated cost of the queued jobs and this job
sbatch: ²⁾ Queued jobs costs are based on its walltime (option --time)
Submitted batch job 52494316
Submitting n_train sweep for configs/generated_grid_maskrandom_1000/cov_toeplitz_maskrandom_rho0p2_lambda1e-05_beta1_d50_T5_lr0p01_iter1000.yaml
sbatch: [ESTIMATION] The estimated cost of this job is CHF 0.00
sbatch: ╭──────────────────────────────┬─────────────┬─────────────┬─────────────╮
sbatch: │ [in CHF]                     │ Capping     │ Consumed    │ Queued ¹⁾ ²⁾│
sbatch: ├──────────────────────────────┼─────────────┼─────────────┼─────────────┤
sbatch: │ username : anastass          │ 0           │ 0.0         │ 0.0         │
sbatch: ├──────────────────────────────┼─────────────┼─────────────┼─────────────┤
sbatch: │ account : master             │ 10,000      │ 0.0         │ 331.75      │
sbatch: ╰──────────────────────────────┴─────────────┴─────────────┴─────────────╯
sbatch: ¹⁾ Estimated cost of the queued jobs and this job
sbatch: ²⁾ Queued jobs costs are based on its walltime (option --time)
Submitted batch job 52494317
Submitting n_train sweep for configs/generated_grid_maskrandom_1000/cov_toeplitz_maskrandom_rho0p3_lambda0p0001_beta1_d50_T5_lr0p01_iter1000.yaml
sbatch: [ESTIMATION] The estimated cost of this job is CHF 0.00
sbatch: ╭──────────────────────────────┬─────────────┬─────────────┬─────────────╮
sbatch: │ [in CHF]                     │ Capping     │ Consumed    │ Queued ¹⁾ ²⁾│
sbatch: ├──────────────────────────────┼─────────────┼─────────────┼─────────────┤
sbatch: │ username : anastass          │ 0           │ 0.0         │ 0.0         │
sbatch: ├──────────────────────────────┼─────────────┼─────────────┼─────────────┤
sbatch: │ account : master             │ 10,000      │ 0.0         │ 331.75      │
sbatch: ╰──────────────────────────────┴─────────────┴─────────────┴─────────────╯
sbatch: ¹⁾ Estimated cost of the queued jobs and this job
sbatch: ²⁾ Queued jobs costs are based on its walltime (option --time)
Submitted batch job 52494318
Submitting n_train sweep for configs/generated_grid_maskrandom_1000/cov_toeplitz_maskrandom_rho0p3_lambda1e-05_beta1_d50_T5_lr0p001_iter1000.yaml
sbatch: [ESTIMATION] The estimated cost of this job is CHF 0.00
sbatch: ╭──────────────────────────────┬─────────────┬─────────────┬─────────────╮
sbatch: │ [in CHF]                     │ Capping     │ Consumed    │ Queued ¹⁾ ²⁾│
sbatch: ├──────────────────────────────┼─────────────┼─────────────┼─────────────┤
sbatch: │ username : anastass          │ 0           │ 0.0         │ 0.0         │
sbatch: ├──────────────────────────────┼─────────────┼─────────────┼─────────────┤
sbatch: │ account : master             │ 10,000      │ 0.0         │ 331.75      │
sbatch: ╰──────────────────────────────┴─────────────┴─────────────┴─────────────╯
sbatch: ¹⁾ Estimated cost of the queued jobs and this job
sbatch: ²⁾ Queued jobs costs are based on its walltime (option --time)
Submitted batch job 52494319
Submitting n_train sweep for configs/generated_grid_maskrandom_1000/cov_toeplitz_maskrandom_rho0p5_lambda0p0001_beta1_d50_T5_lr0p001_iter1000.yaml
sbatch: [ESTIMATION] The estimated cost of this job is CHF 0.00
sbatch: ╭──────────────────────────────┬─────────────┬─────────────┬─────────────╮
sbatch: │ [in CHF]                     │ Capping     │ Consumed    │ Queued ¹⁾ ²⁾│
sbatch: ├──────────────────────────────┼─────────────┼─────────────┼─────────────┤
sbatch: │ username : anastass          │ 0           │ 0.0         │ 0.0         │
sbatch: ├──────────────────────────────┼─────────────┼─────────────┼─────────────┤
sbatch: │ account : master             │ 10,000      │ 0.0         │ 331.75      │
sbatch: ╰──────────────────────────────┴─────────────┴─────────────┴─────────────╯
sbatch: ¹⁾ Estimated cost of the queued jobs and this job
sbatch: ²⁾ Queued jobs costs are based on its walltime (option --time)
Submitted batch job 52494320
Submitting n_train sweep for configs/generated_grid_maskrandom_1000/cov_toeplitz_maskrandom_rho0p5_lambda1e-05_beta1_d50_T5_lr0p01_iter1000.yaml
sbatch: [ESTIMATION] The estimated cost of this job is CHF 0.00
sbatch: ╭──────────────────────────────┬─────────────┬─────────────┬─────────────╮
sbatch: │ [in CHF]                     │ Capping     │ Consumed    │ Queued ¹⁾ ²⁾│
sbatch: ├──────────────────────────────┼─────────────┼─────────────┼─────────────┤
sbatch: │ username : anastass          │ 0           │ 0.0         │ 0.0         │
sbatch: ├──────────────────────────────┼─────────────┼─────────────┼─────────────┤
sbatch: │ account : master             │ 10,000      │ 0.0         │ 331.75      │
sbatch: ╰──────────────────────────────┴─────────────┴─────────────┴─────────────╯
sbatch: ¹⁾ Estimated cost of the queued jobs and this job
sbatch: ²⁾ Queued jobs costs are based on its walltime (option --time)
Submitted batch job 52494321
Submitting n_train sweep for configs/generated_grid_maskrandom_1000/cov_toeplitz_maskrandom_rho0p8_lambda0p0001_beta1_d50_T5_lr0p01_iter1000.yaml
sbatch: [ESTIMATION] The estimated cost of this job is CHF 0.00
sbatch: ╭──────────────────────────────┬─────────────┬─────────────┬─────────────╮
sbatch: │ [in CHF]                     │ Capping     │ Consumed    │ Queued ¹⁾ ²⁾│
sbatch: ├──────────────────────────────┼─────────────┼─────────────┼─────────────┤
sbatch: │ username : anastass          │ 0           │ 0.0         │ 0.0         │
sbatch: ├──────────────────────────────┼─────────────┼─────────────┼─────────────┤
sbatch: │ account : master             │ 10,000      │ 0.0         │ 331.75      │
sbatch: ╰──────────────────────────────┴─────────────┴─────────────┴─────────────╯
sbatch: ¹⁾ Estimated cost of the queued jobs and this job
sbatch: ²⁾ Queued jobs costs are based on its walltime (option --time)
Submitted batch job 52494322
Submitting n_train sweep for configs/generated_grid_maskrandom_1000/cov_toeplitz_maskrandom_rho0p8_lambda1e-05_beta1_d50_T5_lr0p001_iter1000.yaml
sbatch: [ESTIMATION] The estimated cost of this job is CHF 0.00
sbatch: ╭──────────────────────────────┬─────────────┬─────────────┬─────────────╮
sbatch: │ [in CHF]                     │ Capping     │ Consumed    │ Queued ¹⁾ ²⁾│
sbatch: ├──────────────────────────────┼─────────────┼─────────────┼─────────────┤
sbatch: │ username : anastass          │ 0           │ 0.0         │ 0.0         │
sbatch: ├──────────────────────────────┼─────────────┼─────────────┼─────────────┤
sbatch: │ account : master             │ 10,000      │ 0.0         │ 331.75      │
sbatch: ╰──────────────────────────────┴─────────────┴─────────────┴─────────────╯
sbatch: ¹⁾ Estimated cost of the queued jobs and this job
sbatch: ²⁾ Queued jobs costs are based on its walltime (option --time)
Submitted batch job 52494323
Submitting n_train sweep for configs/generated_grid_maskrandom_1000/cov_tridiagonal_maskrandom_rho0p2_lambda0p0001_beta1_d50_T5_lr0p01_iter1000.yaml
sbatch: [ESTIMATION] The estimated cost of this job is CHF 0.00
sbatch: ╭──────────────────────────────┬─────────────┬─────────────┬─────────────╮
sbatch: │ [in CHF]                     │ Capping     │ Consumed    │ Queued ¹⁾ ²⁾│
sbatch: ├──────────────────────────────┼─────────────┼─────────────┼─────────────┤
sbatch: │ username : anastass          │ 0           │ 0.0         │ 0.0         │
sbatch: ├──────────────────────────────┼─────────────┼─────────────┼─────────────┤
sbatch: │ account : master             │ 10,000      │ 0.0         │ 331.75      │
sbatch: ╰──────────────────────────────┴─────────────┴─────────────┴─────────────╯
sbatch: ¹⁾ Estimated cost of the queued jobs and this job
sbatch: ²⁾ Queued jobs costs are based on its walltime (option --time)
Submitted batch job 52494324
Submitting n_train sweep for configs/generated_grid_maskrandom_1000/cov_tridiagonal_maskrandom_rho0p2_lambda1e-05_beta1_d50_T5_lr0p001_iter1000.yaml
sbatch: [ESTIMATION] The estimated cost of this job is CHF 0.00
sbatch: ╭──────────────────────────────┬─────────────┬─────────────┬─────────────╮
sbatch: │ [in CHF]                     │ Capping     │ Consumed    │ Queued ¹⁾ ²⁾│
sbatch: ├──────────────────────────────┼─────────────┼─────────────┼─────────────┤
sbatch: │ username : anastass          │ 0           │ 0.0         │ 0.0         │
sbatch: ├──────────────────────────────┼─────────────┼─────────────┼─────────────┤
sbatch: │ account : master             │ 10,000      │ 0.0         │ 331.75      │
sbatch: ╰──────────────────────────────┴─────────────┴─────────────┴─────────────╯
sbatch: ¹⁾ Estimated cost of the queued jobs and this job
sbatch: ²⁾ Queued jobs costs are based on its walltime (option --time)
Submitted batch job 52494325
Submitting n_train sweep for configs/generated_grid_maskrandom_1000/cov_tridiagonal_maskrandom_rho0p3_lambda0p0001_beta1_d50_T5_lr0p001_iter1000.yaml
sbatch: [ESTIMATION] The estimated cost of this job is CHF 0.00
sbatch: ╭──────────────────────────────┬─────────────┬─────────────┬─────────────╮
sbatch: │ [in CHF]                     │ Capping     │ Consumed    │ Queued ¹⁾ ²⁾│
sbatch: ├──────────────────────────────┼─────────────┼─────────────┼─────────────┤
sbatch: │ username : anastass          │ 0           │ 0.0         │ 0.0         │
sbatch: ├──────────────────────────────┼─────────────┼─────────────┼─────────────┤
sbatch: │ account : master             │ 10,000      │ 0.0         │ 331.75      │
sbatch: ╰──────────────────────────────┴─────────────┴─────────────┴─────────────╯
sbatch: ¹⁾ Estimated cost of the queued jobs and this job
sbatch: ²⁾ Queued jobs costs are based on its walltime (option --time)
Submitted batch job 52494326
Submitting n_train sweep for configs/generated_grid_maskrandom_1000/cov_tridiagonal_maskrandom_rho0p3_lambda1e-05_beta1_d50_T5_lr0p01_iter1000.yaml
sbatch: [ESTIMATION] The estimated cost of this job is CHF 0.00
sbatch: ╭──────────────────────────────┬─────────────┬─────────────┬─────────────╮
sbatch: │ [in CHF]                     │ Capping     │ Consumed    │ Queued ¹⁾ ²⁾│
sbatch: ├──────────────────────────────┼─────────────┼─────────────┼─────────────┤
sbatch: │ username : anastass          │ 0           │ 0.0         │ 0.0         │
sbatch: ├──────────────────────────────┼─────────────┼─────────────┼─────────────┤
sbatch: │ account : master             │ 10,000      │ 0.0         │ 331.75      │
sbatch: ╰──────────────────────────────┴─────────────┴─────────────┴─────────────╯
sbatch: ¹⁾ Estimated cost of the queued jobs and this job
sbatch: ²⁾ Queued jobs costs are based on its walltime (option --time)
Submitted batch job 52494327
