Submitting n_train sweep for configs/generated_grid_masklast_1000/cov_toeplitz_masklast_rho0p2_lambda0p0001_beta1_d50_T5_lr0p001_iter1000.yaml
sbatch: [ESTIMATION] The estimated cost of this job is CHF 0.00
sbatch: ╭──────────────────────────────┬─────────────┬─────────────┬─────────────╮
sbatch: │ [in CHF]                     │ Capping     │ Consumed    │ Queued ¹⁾ ²⁾│
sbatch: ├──────────────────────────────┼─────────────┼─────────────┼─────────────┤
sbatch: │ username : anastass          │ 0           │ 0.0         │ 0.0         │
sbatch: ├──────────────────────────────┼─────────────┼─────────────┼─────────────┤
sbatch: │ account : master             │ 10,000      │ 0.0         │ 331.75      │
sbatch: ╰──────────────────────────────┴─────────────┴─────────────┴─────────────╯
sbatch: ¹⁾ Estimated cost of the queued jobs and this job
sbatch: ²⁾ Queued jobs costs are based on its walltime (option --time)
Submitted batch job 52525083
Submitting n_train sweep for configs/generated_grid_masklast_1000/cov_toeplitz_masklast_rho0p3_lambda0p0001_beta1_d50_T5_lr0p01_iter1000.yaml
sbatch: [ESTIMATION] The estimated cost of this job is CHF 0.00
sbatch: ╭──────────────────────────────┬─────────────┬─────────────┬─────────────╮
sbatch: │ [in CHF]                     │ Capping     │ Consumed    │ Queued ¹⁾ ²⁾│
sbatch: ├──────────────────────────────┼─────────────┼─────────────┼─────────────┤
sbatch: │ username : anastass          │ 0           │ 0.0         │ 0.0         │
sbatch: ├──────────────────────────────┼─────────────┼─────────────┼─────────────┤
sbatch: │ account : master             │ 10,000      │ 0.0         │ 331.75      │
sbatch: ╰──────────────────────────────┴─────────────┴─────────────┴─────────────╯
sbatch: ¹⁾ Estimated cost of the queued jobs and this job
sbatch: ²⁾ Queued jobs costs are based on its walltime (option --time)
Submitted batch job 52525084
Submitting n_train sweep for configs/generated_grid_masklast_1000/cov_toeplitz_masklast_rho0p5_lambda0p0001_beta1_d50_T5_lr0p001_iter1000.yaml
sbatch: [ESTIMATION] The estimated cost of this job is CHF 0.00
sbatch: ╭──────────────────────────────┬─────────────┬─────────────┬─────────────╮
sbatch: │ [in CHF]                     │ Capping     │ Consumed    │ Queued ¹⁾ ²⁾│
sbatch: ├──────────────────────────────┼─────────────┼─────────────┼─────────────┤
sbatch: │ username : anastass          │ 0           │ 0.0         │ 0.0         │
sbatch: ├──────────────────────────────┼─────────────┼─────────────┼─────────────┤
sbatch: │ account : master             │ 10,000      │ 0.0         │ 331.75      │
sbatch: ╰──────────────────────────────┴─────────────┴─────────────┴─────────────╯
sbatch: ¹⁾ Estimated cost of the queued jobs and this job
sbatch: ²⁾ Queued jobs costs are based on its walltime (option --time)
Submitted batch job 52525085
Submitting n_train sweep for configs/generated_grid_masklast_1000/cov_toeplitz_masklast_rho0p8_lambda1e-05_beta1_d50_T5_lr0p001_iter1000.yaml
sbatch: [ESTIMATION] The estimated cost of this job is CHF 0.00
sbatch: ╭──────────────────────────────┬─────────────┬─────────────┬─────────────╮
sbatch: │ [in CHF]                     │ Capping     │ Consumed    │ Queued ¹⁾ ²⁾│
sbatch: ├──────────────────────────────┼─────────────┼─────────────┼─────────────┤
sbatch: │ username : anastass          │ 0           │ 0.0         │ 0.0         │
sbatch: ├──────────────────────────────┼─────────────┼─────────────┼─────────────┤
sbatch: │ account : master             │ 10,000      │ 0.0         │ 331.75      │
sbatch: ╰──────────────────────────────┴─────────────┴─────────────┴─────────────╯
sbatch: ¹⁾ Estimated cost of the queued jobs and this job
sbatch: ²⁾ Queued jobs costs are based on its walltime (option --time)
Submitted batch job 52525086
Submitting n_train sweep for configs/generated_grid_masklast_1000/cov_toeplitz_masklast_rho0p9_lambda1e-05_beta1_d50_T5_lr0p001_iter1000.yaml
sbatch: [ESTIMATION] The estimated cost of this job is CHF 0.00
sbatch: ╭──────────────────────────────┬─────────────┬─────────────┬─────────────╮
sbatch: │ [in CHF]                     │ Capping     │ Consumed    │ Queued ¹⁾ ²⁾│
sbatch: ├──────────────────────────────┼─────────────┼─────────────┼─────────────┤
sbatch: │ username : anastass          │ 0           │ 0.0         │ 0.0         │
sbatch: ├──────────────────────────────┼─────────────┼─────────────┼─────────────┤
sbatch: │ account : master             │ 10,000      │ 0.0         │ 331.75      │
sbatch: ╰──────────────────────────────┴─────────────┴─────────────┴─────────────╯
sbatch: ¹⁾ Estimated cost of the queued jobs and this job
sbatch: ²⁾ Queued jobs costs are based on its walltime (option --time)
Submitted batch job 52525087
Submitting n_train sweep for configs/generated_grid_masklast_1000/cov_tridiagonal_masklast_rho0p2_lambda1e-05_beta1_d50_T5_lr0p001_iter1000.yaml
sbatch: [ESTIMATION] The estimated cost of this job is CHF 0.00
sbatch: ╭──────────────────────────────┬─────────────┬─────────────┬─────────────╮
sbatch: │ [in CHF]                     │ Capping     │ Consumed    │ Queued ¹⁾ ²⁾│
sbatch: ├──────────────────────────────┼─────────────┼─────────────┼─────────────┤
sbatch: │ username : anastass          │ 0           │ 0.0         │ 0.0         │
sbatch: ├──────────────────────────────┼─────────────┼─────────────┼─────────────┤
sbatch: │ account : master             │ 10,000      │ 0.0         │ 331.75      │
sbatch: ╰──────────────────────────────┴─────────────┴─────────────┴─────────────╯
sbatch: ¹⁾ Estimated cost of the queued jobs and this job
sbatch: ²⁾ Queued jobs costs are based on its walltime (option --time)
Submitted batch job 52525088
Submitting n_train sweep for configs/generated_grid_masklast_1000/cov_tridiagonal_masklast_rho0p3_lambda0p0001_beta1_d50_T5_lr0p001_iter1000.yaml
sbatch: [ESTIMATION] The estimated cost of this job is CHF 0.00
sbatch: ╭──────────────────────────────┬─────────────┬─────────────┬─────────────╮
sbatch: │ [in CHF]                     │ Capping     │ Consumed    │ Queued ¹⁾ ²⁾│
sbatch: ├──────────────────────────────┼─────────────┼─────────────┼─────────────┤
sbatch: │ username : anastass          │ 0           │ 0.0         │ 0.0         │
sbatch: ├──────────────────────────────┼─────────────┼─────────────┼─────────────┤
sbatch: │ account : master             │ 10,000      │ 0.0         │ 331.75      │
sbatch: ╰──────────────────────────────┴─────────────┴─────────────┴─────────────╯
sbatch: ¹⁾ Estimated cost of the queued jobs and this job
sbatch: ²⁾ Queued jobs costs are based on its walltime (option --time)
Submitted batch job 52525106
Submitting n_train sweep for configs/generated_grid_masklast_1000/cov_tridiagonal_masklast_rho0p5_lambda1e-05_beta1_d50_T5_lr0p001_iter1000.yaml
sbatch: [ESTIMATION] The estimated cost of this job is CHF 0.00
sbatch: ╭──────────────────────────────┬─────────────┬─────────────┬─────────────╮
sbatch: │ [in CHF]                     │ Capping     │ Consumed    │ Queued ¹⁾ ²⁾│
sbatch: ├──────────────────────────────┼─────────────┼─────────────┼─────────────┤
sbatch: │ username : anastass          │ 0           │ 0.0         │ 0.0         │
sbatch: ├──────────────────────────────┼─────────────┼─────────────┼─────────────┤
sbatch: │ account : master             │ 10,000      │ 0.0         │ 331.75      │
sbatch: ╰──────────────────────────────┴─────────────┴─────────────┴─────────────╯
sbatch: ¹⁾ Estimated cost of the queued jobs and this job
sbatch: ²⁾ Queued jobs costs are based on its walltime (option --time)
Submitted batch job 52525107
